Error: # cuenta incorrecto.
Error: # cuenta1 incorrecto.
Error: # cuenta1 incorrecto.
Error: # cuenta incorrecto.
Error: # cuenta incorrecto.
Error: # cuenta1 incorrecto.
Error: # cuenta incorrecto.
Error: # cuenta incorrecto.
Error: # cuenta incorrecto.
Error: # cuenta incorrecto.
Error: # cuenta1 incorrecto.
Error: # cuenta1 incorrecto.
Error: # cuenta incorrecto.
Error: # cuenta incorrecto.
Error: # cuenta incorrecto.
Error: # cuenta1 incorrecto.
Ok.
Error: # cuenta incorrecto.
Ok.
Error: # cuenta incorrecto.
Error: monto incorrecto.
Ok.
Error: # cuenta1 igual a # cuenta2.
Ok.
Ok.
Ok.
Ok.
0. apt 0 0 320
1. trn 1 0 276
2. dep 0 299
3. ret 0 184
4. dep 0 741
5. ret 0 49
bal 1403
Ok.
Ok.
Error: # cuenta incorrecto.
