Error: # cuenta incorrecto.
Error: # cuenta1 incorrecto.
Error: # cuenta incorrecto.
Error: # cuenta incorrecto.
Error: # cuenta incorrecto.
Error: # cuenta1 incorrecto.
Error: # cuenta incorrecto.
Ok.
Error: # cuenta incorrecto.
Ok.
Error: # cuenta incorrecto.
Ok.
Error: # cuenta1 incorrecto.
Error: monto incorrecto.
Ok.
Error: # cuenta1 igual a # cuenta2.
Ok.
Ok.
Ok.
0. apt 1 0 121
1. dep 1 781
bal 902
Ok.
Error: # cuenta incorrecto.
Error: monto incorrecto.
Ok.
Ok.
0. apt 1 0 121
1. dep 1 781
2. ret 1 24
3. ret 1 217
bal 661
Ok.
Ok.
Ok.
Error: # cuenta incorrecto.
Ok.
Error: # cuenta incorrecto.
0. apt 2 0 868
bal 868
Ok.
0. apt 0 0 332
1. dep 0 944
bal 1276
Ok.
Ok.
0. apt 2 0 868
bal 868
Ok.
Ok.
Ok.
0. apt 3 1 732
1. dep 3 819
2. ret 3 200
3. trn 1 3 133
4. ret 3 718
5. dep 3 267
6. ret 3 188
bal 845
Ok.
Ok.
0. apt 3 1 732
1. dep 3 819
2. ret 3 200
3. trn 1 3 133
4. ret 3 718
5. dep 3 267
6. ret 3 188
7. dep 3 158
bal 1003
Ok.
Ok.
Error: # cuenta1 igual a # cuenta2.
0. apt 1 0 121
1. dep 1 781
2. ret 1 24
3. ret 1 217
4. trn 1 3 133
bal 528
Ok.
Error: # cuenta incorrecto.
0. apt 0 0 332
1. dep 0 944
2. ret 0 688
bal 588
Ok.
0. apt 0 0 332
1. dep 0 944
2. ret 0 688
bal 588
Ok.
Error: monto incorrecto.
Error: # cuenta1 igual a # cuenta2.
Error: monto incorrecto.
Ok.
0. apt 2 0 868
bal 868
Ok.
Error: # cuenta incorrecto.
Ok.
Ok.
Ok.
Error: monto incorrecto.
Error: # cuenta1 igual a # cuenta2.
Ok.
Ok.
Ok.
Ok.
