Error: # cuenta incorrecto.
Error: # cuenta incorrecto.
Error: # cuenta incorrecto.
Error: # cuenta incorrecto.
Error: # cuenta incorrecto.
Error: # cuenta incorrecto.
Error: # cuenta1 incorrecto.
Error: # cuenta incorrecto.
Error: # cuenta incorrecto.
Error: # cuenta incorrecto.
Error: # cuenta incorrecto.
Error: # cuenta1 incorrecto.
Error: # cuenta incorrecto.
Error: # cuenta incorrecto.
Error: # cuenta incorrecto.
Error: # cuenta incorrecto.
Error: # cuenta incorrecto.
Error: # cuenta1 incorrecto.
Error: # cuenta incorrecto.
Error: # cuenta incorrecto.
Error: # cuenta incorrecto.
Error: # cuenta1 incorrecto.
Error: # cuenta incorrecto.
Ok.
Ok.
Error: # cuenta1 igual a # cuenta2.
Ok.
Error: # cuenta1 igual a # cuenta2.
Error: # cuenta incorrecto.
0. apt 0 1 329
1. ret 0 300
2. dep 0 595
bal 624
Ok.
Ok.
Ok.
0. apt 0 1 329
1. ret 0 300
2. dep 0 595
3. ret 0 561
4. dep 0 418
bal 481
Ok.
Error: # cuenta incorrecto.
Error: # cuenta incorrecto.
Error: # cuenta incorrecto.
Ok.
Error: # cuenta1 incorrecto.
Error: monto incorrecto.
Error: # cuenta1 incorrecto.
